\BOOKMARK [1][-]{section.1}{\376\377\000U\000v\000o\000d}{}% 1
\BOOKMARK [1][-]{section.2}{\376\377\001\140\000t\000a\000\040\000j\000e\000\040\000p\000r\000i\000v\000a\000t\000n\000o\000s\000t\000?}{}% 2
\BOOKMARK [2][-]{subsection.2.1}{\376\377\000P\000r\000i\000v\000a\000t\000n\000o\000s\000t\000\040\000n\000a\000\040\000I\000n\000t\000e\000r\000n\000e\000t\000u}{section.2}% 3
\BOOKMARK [2][-]{subsection.2.2}{\376\377\000P\000e\000r\000c\000e\000p\000c\000i\000j\000a\000\040\000p\000r\000i\000v\000a\000t\000n\000o\000s\000t\000i}{section.2}% 4
\BOOKMARK [1][-]{section.3}{\376\377\000D\000r\001\176\000a\000v\000a\000\040\000i\000\040\000p\000r\000i\000v\000a\000t\000n\000o\000s\000t\000\050\000p\000r\000o\000m\000e\000n\000i\000t\000i\000\040\000n\000a\000s\000l\000o\000v\000\051}{}% 5
\BOOKMARK [2][-]{subsection.3.1}{\376\377\000L\000e\000g\000a\000l\000n\000o\000\040\000n\000a\000r\000u\001\141\000a\000v\000a\000n\000j\000e\000\040\000p\000r\000i\000v\000a\000t\000n\000o\000s\000t\000i\000\040\000n\000a\000\040\000i\000n\000t\000e\000r\000n\000e\000t\000u}{section.3}% 6
\BOOKMARK [3][-]{subsubsection.3.1.1}{\376\377\000Z\000a\000k\000o\000n\000\040\000o\000\040\000n\000a\000d\000z\000o\000r\000u\000\040\000s\000t\000r\000a\000n\000i\000h\000\040\000s\000l\000u\001\176\000b\000i}{subsection.3.1}% 7
\BOOKMARK [3][-]{subsubsection.3.1.2}{\376\377\000Z\000a\000k\000o\000n\000\040\000o\000\040\000s\000k\000l\000a\000d\000i\001\141\000t\000e\000n\000o\000j\000\040\000k\000o\000m\000u\000n\000i\000k\000a\000c\000i\000j\000i}{subsection.3.1}% 8
\BOOKMARK [2][-]{subsection.3.2}{\376\377\000P\000R\000I\000S\000M}{section.3}% 9
\BOOKMARK [1][-]{section.4}{\376\377\000R\000i\000z\000i\000c\000i\000\040\000z\000a\000\040\000p\000o\000j\000e\000d\000i\000n\000c\000a\000\040\000n\000a\000\040\000i\000n\000t\000e\000r\000n\000e\000t\000u\000\040\000\050\000p\000r\000o\000m\000e\000n\000i\000t\000i\000\040\000n\000a\000s\000l\000o\000v\000\051}{}% 10
\BOOKMARK [2][-]{subsection.4.1}{\376\377\000D\000r\000u\001\141\000t\000v\000e\000n\000e\000\040\000m\000r\000e\001\176\000e}{section.4}% 11
\BOOKMARK [2][-]{subsection.4.2}{\376\377\000K\000r\000a\001\021\000a\000\040\000i\000d\000e\000n\000t\000i\000t\000e\000t\000a}{section.4}% 12
\BOOKMARK [2][-]{subsection.4.3}{\376\377\000K\000o\000l\000a\001\015\000i\001\007\000i}{section.4}% 13
\BOOKMARK [3][-]{subsubsection.4.3.1}{\376\377\000O\000n\000l\000a\000j\000n\000\040\000k\000u\000p\000o\000v\000i\000n\000a}{subsection.4.3}% 14
\BOOKMARK [1][-]{section.5}{\376\377\000Z\000a\001\141\000t\000i\000t\000a\000\040\000p\000r\000i\000v\000a\000t\000n\000o\000s\000t\000i}{}% 15
\BOOKMARK [2][-]{subsection.5.1}{\376\377\000E\000n\000k\000r\000i\000p\000c\000i\000j\000a}{section.5}% 16
\BOOKMARK [2][-]{subsection.5.2}{\376\377\000V\000i\000r\000t\000u\000e\000l\000n\000e\000\040\000p\000r\000i\000v\000a\000t\000n\000e\000\040\000m\000r\000e\001\176\000e\000\040\000\050\000V\000P\000N\000\051}{section.5}% 17
\BOOKMARK [3][-]{subsubsection.5.2.1}{\376\377\000R\000i\000z\000i\000c\000i\000\040\000z\000a\000\040\000k\000o\000r\000i\000s\000n\000i\000k\000e\000\040\000V\000P\000N}{subsection.5.2}% 18
\BOOKMARK [1][-]{section.6}{\376\377\000Z\000a\000k\000l\000j\000u\001\015\000a\000k}{}% 19
\BOOKMARK [1][-]{section.6}{\376\377\000L\000i\000t\000e\000r\000a\000t\000u\000r\000a}{}% 20
